<?xml version="1.0" encoding="UTF-8"?>
<testsuites>
  <testsuite name="" tests="101" assertions="537" failures="0" errors="0" time="819.311153">
    <testsuite name="tests\RedTest\tests\test\crud\Fields\BooleanSingleCheckbox1\AuthenticatedUserTest" tests="8" assertions="40" failures="0" errors="0" time="21.777943" file="/Users/neeravm/Sites/red-test/tests/RedTest/tests/test/crud/Fields/BooleanSingleCheckbox1/AuthenticatedUserTest.php">
      <testcase name="testEmptySubmission" class="tests\RedTest\tests\test\crud\Fields\BooleanSingleCheckbox1\AuthenticatedUserTest" file="/Users/neeravm/Sites/red-test/tests/RedTest/tests/test/crud/Fields/BooleanSingleCheckbox1/AuthenticatedUserTest.php" line="87" assertions="5" time="1.387032"/>
      <testcase name="testEmptySubmissionWithoutChange" class="tests\RedTest\tests\test\crud\Fields\BooleanSingleCheckbox1\AuthenticatedUserTest" file="/Users/neeravm/Sites/red-test/tests/RedTest/tests/test/crud/Fields/BooleanSingleCheckbox1/AuthenticatedUserTest.php" line="119" assertions="2" time="1.578118"/>
      <testcase name="testValueOneSubmission" class="tests\RedTest\tests\test\crud\Fields\BooleanSingleCheckbox1\AuthenticatedUserTest" file="/Users/neeravm/Sites/red-test/tests/RedTest/tests/test/crud/Fields/BooleanSingleCheckbox1/AuthenticatedUserTest.php" line="134" assertions="4" time="1.563282"/>
      <testcase name="testValueMultipleSubmission" class="tests\RedTest\tests\test\crud\Fields\BooleanSingleCheckbox1\AuthenticatedUserTest" file="/Users/neeravm/Sites/red-test/tests/RedTest/tests/test/crud/Fields/BooleanSingleCheckbox1/AuthenticatedUserTest.php" line="158" assertions="4" time="1.639458"/>
      <testcase name="testEmptySubmissionWithoutChange2" class="tests\RedTest\tests\test\crud\Fields\BooleanSingleCheckbox1\AuthenticatedUserTest" file="/Users/neeravm/Sites/red-test/tests/RedTest/tests/test/crud/Fields/BooleanSingleCheckbox1/AuthenticatedUserTest.php" line="188" assertions="2" time="2.008670"/>
      <testcase name="testValueZeroSubmission" class="tests\RedTest\tests\test\crud\Fields\BooleanSingleCheckbox1\AuthenticatedUserTest" file="/Users/neeravm/Sites/red-test/tests/RedTest/tests/test/crud/Fields/BooleanSingleCheckbox1/AuthenticatedUserTest.php" line="203" assertions="4" time="2.278596"/>
      <testcase name="testEmptySubmission2" class="tests\RedTest\tests\test\crud\Fields\BooleanSingleCheckbox1\AuthenticatedUserTest" file="/Users/neeravm/Sites/red-test/tests/RedTest/tests/test/crud/Fields/BooleanSingleCheckbox1/AuthenticatedUserTest.php" line="223" assertions="4" time="2.075386"/>
      <testcase name="testDefaltValues" class="tests\RedTest\tests\test\crud\Fields\BooleanSingleCheckbox1\AuthenticatedUserTest" file="/Users/neeravm/Sites/red-test/tests/RedTest/tests/test/crud/Fields/BooleanSingleCheckbox1/AuthenticatedUserTest.php" line="243" assertions="15" time="9.247401"/>
    </testsuite>
    <testsuite name="tests\RedTest\tests\test\crud\Fields\BooleanSingleCheckbox3\AuthenticatedUserTest" tests="8" assertions="40" failures="0" errors="0" time="21.766406" file="/Users/neeravm/Sites/red-test/tests/RedTest/tests/test/crud/Fields/BooleanSingleCheckbox3/AuthenticatedUserTest.php">
      <testcase name="testEmptySubmission" class="tests\RedTest\tests\test\crud\Fields\BooleanSingleCheckbox3\AuthenticatedUserTest" file="/Users/neeravm/Sites/red-test/tests/RedTest/tests/test/crud/Fields/BooleanSingleCheckbox3/AuthenticatedUserTest.php" line="87" assertions="5" time="1.419511"/>
      <testcase name="testEmptySubmissionWithoutChange" class="tests\RedTest\tests\test\crud\Fields\BooleanSingleCheckbox3\AuthenticatedUserTest" file="/Users/neeravm/Sites/red-test/tests/RedTest/tests/test/crud/Fields/BooleanSingleCheckbox3/AuthenticatedUserTest.php" line="119" assertions="2" time="1.551023"/>
      <testcase name="testValueOneSubmission" class="tests\RedTest\tests\test\crud\Fields\BooleanSingleCheckbox3\AuthenticatedUserTest" file="/Users/neeravm/Sites/red-test/tests/RedTest/tests/test/crud/Fields/BooleanSingleCheckbox3/AuthenticatedUserTest.php" line="134" assertions="4" time="1.552058"/>
      <testcase name="testValueMultipleSubmission" class="tests\RedTest\tests\test\crud\Fields\BooleanSingleCheckbox3\AuthenticatedUserTest" file="/Users/neeravm/Sites/red-test/tests/RedTest/tests/test/crud/Fields/BooleanSingleCheckbox3/AuthenticatedUserTest.php" line="158" assertions="4" time="1.621471"/>
      <testcase name="testEmptySubmissionWithoutChange2" class="tests\RedTest\tests\test\crud\Fields\BooleanSingleCheckbox3\AuthenticatedUserTest" file="/Users/neeravm/Sites/red-test/tests/RedTest/tests/test/crud/Fields/BooleanSingleCheckbox3/AuthenticatedUserTest.php" line="188" assertions="2" time="1.991621"/>
      <testcase name="testValueZeroSubmission" class="tests\RedTest\tests\test\crud\Fields\BooleanSingleCheckbox3\AuthenticatedUserTest" file="/Users/neeravm/Sites/red-test/tests/RedTest/tests/test/crud/Fields/BooleanSingleCheckbox3/AuthenticatedUserTest.php" line="203" assertions="4" time="2.274442"/>
      <testcase name="testEmptySubmission2" class="tests\RedTest\tests\test\crud\Fields\BooleanSingleCheckbox3\AuthenticatedUserTest" file="/Users/neeravm/Sites/red-test/tests/RedTest/tests/test/crud/Fields/BooleanSingleCheckbox3/AuthenticatedUserTest.php" line="223" assertions="4" time="2.101554"/>
      <testcase name="testDefaltValues" class="tests\RedTest\tests\test\crud\Fields\BooleanSingleCheckbox3\AuthenticatedUserTest" file="/Users/neeravm/Sites/red-test/tests/RedTest/tests/test/crud/Fields/BooleanSingleCheckbox3/AuthenticatedUserTest.php" line="243" assertions="15" time="9.254726"/>
    </testsuite>
    <testsuite name="tests\RedTest\tests\test\crud\Fields\BooleanSingleCheckbox2\AuthenticatedUserTest" tests="8" assertions="40" failures="0" errors="0" time="22.287785" file="/Users/neeravm/Sites/red-test/tests/RedTest/tests/test/crud/Fields/BooleanSingleCheckbox2/AuthenticatedUserTest.php">
      <testcase name="testEmptySubmission" class="tests\RedTest\tests\test\crud\Fields\BooleanSingleCheckbox2\AuthenticatedUserTest" file="/Users/neeravm/Sites/red-test/tests/RedTest/tests/test/crud/Fields/BooleanSingleCheckbox2/AuthenticatedUserTest.php" line="87" assertions="5" time="1.421194"/>
      <testcase name="testEmptySubmissionWithoutChange" class="tests\RedTest\tests\test\crud\Fields\BooleanSingleCheckbox2\AuthenticatedUserTest" file="/Users/neeravm/Sites/red-test/tests/RedTest/tests/test/crud/Fields/BooleanSingleCheckbox2/AuthenticatedUserTest.php" line="119" assertions="2" time="1.603329"/>
      <testcase name="testValueOneSubmission" class="tests\RedTest\tests\test\crud\Fields\BooleanSingleCheckbox2\AuthenticatedUserTest" file="/Users/neeravm/Sites/red-test/tests/RedTest/tests/test/crud/Fields/BooleanSingleCheckbox2/AuthenticatedUserTest.php" line="134" assertions="4" time="1.618876"/>
      <testcase name="testValueMultipleSubmission" class="tests\RedTest\tests\test\crud\Fields\BooleanSingleCheckbox2\AuthenticatedUserTest" file="/Users/neeravm/Sites/red-test/tests/RedTest/tests/test/crud/Fields/BooleanSingleCheckbox2/AuthenticatedUserTest.php" line="158" assertions="4" time="1.650870"/>
      <testcase name="testEmptySubmissionWithoutChange2" class="tests\RedTest\tests\test\crud\Fields\BooleanSingleCheckbox2\AuthenticatedUserTest" file="/Users/neeravm/Sites/red-test/tests/RedTest/tests/test/crud/Fields/BooleanSingleCheckbox2/AuthenticatedUserTest.php" line="188" assertions="2" time="2.107402"/>
      <testcase name="testValueZeroSubmission" class="tests\RedTest\tests\test\crud\Fields\BooleanSingleCheckbox2\AuthenticatedUserTest" file="/Users/neeravm/Sites/red-test/tests/RedTest/tests/test/crud/Fields/BooleanSingleCheckbox2/AuthenticatedUserTest.php" line="203" assertions="4" time="2.285650"/>
      <testcase name="testEmptySubmission2" class="tests\RedTest\tests\test\crud\Fields\BooleanSingleCheckbox2\AuthenticatedUserTest" file="/Users/neeravm/Sites/red-test/tests/RedTest/tests/test/crud/Fields/BooleanSingleCheckbox2/AuthenticatedUserTest.php" line="223" assertions="4" time="2.142012"/>
      <testcase name="testDefaltValues" class="tests\RedTest\tests\test\crud\Fields\BooleanSingleCheckbox2\AuthenticatedUserTest" file="/Users/neeravm/Sites/red-test/tests/RedTest/tests/test/crud/Fields/BooleanSingleCheckbox2/AuthenticatedUserTest.php" line="243" assertions="15" time="9.458452"/>
    </testsuite>
    <testsuite name="tests\RedTest\tests\test\crud\Fields\BooleanCheckboxes1\AuthenticatedUserTest" tests="8" assertions="40" failures="0" errors="0" time="22.442155" file="/Users/neeravm/Sites/red-test/tests/RedTest/tests/test/crud/Fields/BooleanCheckboxes1/AuthenticatedUserTest.php">
      <testcase name="testEmptySubmission" class="tests\RedTest\tests\test\crud\Fields\BooleanCheckboxes1\AuthenticatedUserTest" file="/Users/neeravm/Sites/red-test/tests/RedTest/tests/test/crud/Fields/BooleanCheckboxes1/AuthenticatedUserTest.php" line="89" assertions="5" time="1.396706"/>
      <testcase name="testEmptySubmissionWithoutChange" class="tests\RedTest\tests\test\crud\Fields\BooleanCheckboxes1\AuthenticatedUserTest" file="/Users/neeravm/Sites/red-test/tests/RedTest/tests/test/crud/Fields/BooleanCheckboxes1/AuthenticatedUserTest.php" line="121" assertions="2" time="1.575035"/>
      <testcase name="testValueOneSubmission" class="tests\RedTest\tests\test\crud\Fields\BooleanCheckboxes1\AuthenticatedUserTest" file="/Users/neeravm/Sites/red-test/tests/RedTest/tests/test/crud/Fields/BooleanCheckboxes1/AuthenticatedUserTest.php" line="136" assertions="4" time="1.861881"/>
      <testcase name="testValueMultipleSubmission" class="tests\RedTest\tests\test\crud\Fields\BooleanCheckboxes1\AuthenticatedUserTest" file="/Users/neeravm/Sites/red-test/tests/RedTest/tests/test/crud/Fields/BooleanCheckboxes1/AuthenticatedUserTest.php" line="160" assertions="4" time="1.651362"/>
      <testcase name="testEmptySubmissionWithoutChange2" class="tests\RedTest\tests\test\crud\Fields\BooleanCheckboxes1\AuthenticatedUserTest" file="/Users/neeravm/Sites/red-test/tests/RedTest/tests/test/crud/Fields/BooleanCheckboxes1/AuthenticatedUserTest.php" line="186" assertions="2" time="2.204614"/>
      <testcase name="testValueZeroSubmission" class="tests\RedTest\tests\test\crud\Fields\BooleanCheckboxes1\AuthenticatedUserTest" file="/Users/neeravm/Sites/red-test/tests/RedTest/tests/test/crud/Fields/BooleanCheckboxes1/AuthenticatedUserTest.php" line="201" assertions="4" time="2.234564"/>
      <testcase name="testEmptySubmission2" class="tests\RedTest\tests\test\crud\Fields\BooleanCheckboxes1\AuthenticatedUserTest" file="/Users/neeravm/Sites/red-test/tests/RedTest/tests/test/crud/Fields/BooleanCheckboxes1/AuthenticatedUserTest.php" line="221" assertions="4" time="2.021392"/>
      <testcase name="testDefaltValues" class="tests\RedTest\tests\test\crud\Fields\BooleanCheckboxes1\AuthenticatedUserTest" file="/Users/neeravm/Sites/red-test/tests/RedTest/tests/test/crud/Fields/BooleanCheckboxes1/AuthenticatedUserTest.php" line="241" assertions="15" time="9.496601"/>
    </testsuite>
    <testsuite name="tests\RedTest\tests\test\crud\Fields\BooleanSingleCheckbox4\AuthenticatedUserTest" tests="8" assertions="40" failures="0" errors="0" time="13.779171" file="/Users/neeravm/Sites/red-test/tests/RedTest/tests/test/crud/Fields/BooleanSingleCheckbox4/AuthenticatedUserTest.php">
      <testcase name="testEmptySubmission" class="tests\RedTest\tests\test\crud\Fields\BooleanSingleCheckbox4\AuthenticatedUserTest" file="/Users/neeravm/Sites/red-test/tests/RedTest/tests/test/crud/Fields/BooleanSingleCheckbox4/AuthenticatedUserTest.php" line="87" assertions="5" time="1.014703"/>
      <testcase name="testEmptySubmissionWithoutChange" class="tests\RedTest\tests\test\crud\Fields\BooleanSingleCheckbox4\AuthenticatedUserTest" file="/Users/neeravm/Sites/red-test/tests/RedTest/tests/test/crud/Fields/BooleanSingleCheckbox4/AuthenticatedUserTest.php" line="119" assertions="2" time="1.088322"/>
      <testcase name="testValueOneSubmission" class="tests\RedTest\tests\test\crud\Fields\BooleanSingleCheckbox4\AuthenticatedUserTest" file="/Users/neeravm/Sites/red-test/tests/RedTest/tests/test/crud/Fields/BooleanSingleCheckbox4/AuthenticatedUserTest.php" line="134" assertions="4" time="1.182396"/>
      <testcase name="testValueMultipleSubmission" class="tests\RedTest\tests\test\crud\Fields\BooleanSingleCheckbox4\AuthenticatedUserTest" file="/Users/neeravm/Sites/red-test/tests/RedTest/tests/test/crud/Fields/BooleanSingleCheckbox4/AuthenticatedUserTest.php" line="158" assertions="4" time="1.089664"/>
      <testcase name="testEmptySubmissionWithoutChange2" class="tests\RedTest\tests\test\crud\Fields\BooleanSingleCheckbox4\AuthenticatedUserTest" file="/Users/neeravm/Sites/red-test/tests/RedTest/tests/test/crud/Fields/BooleanSingleCheckbox4/AuthenticatedUserTest.php" line="188" assertions="2" time="1.179635"/>
      <testcase name="testValueZeroSubmission" class="tests\RedTest\tests\test\crud\Fields\BooleanSingleCheckbox4\AuthenticatedUserTest" file="/Users/neeravm/Sites/red-test/tests/RedTest/tests/test/crud/Fields/BooleanSingleCheckbox4/AuthenticatedUserTest.php" line="203" assertions="4" time="1.119320"/>
      <testcase name="testEmptySubmission2" class="tests\RedTest\tests\test\crud\Fields\BooleanSingleCheckbox4\AuthenticatedUserTest" file="/Users/neeravm/Sites/red-test/tests/RedTest/tests/test/crud/Fields/BooleanSingleCheckbox4/AuthenticatedUserTest.php" line="223" assertions="4" time="1.122008"/>
      <testcase name="testDefaltValues" class="tests\RedTest\tests\test\crud\Fields\BooleanSingleCheckbox4\AuthenticatedUserTest" file="/Users/neeravm/Sites/red-test/tests/RedTest/tests/test/crud/Fields/BooleanSingleCheckbox4/AuthenticatedUserTest.php" line="243" assertions="15" time="5.983123"/>
    </testsuite>
    <testsuite name="tests\RedTest\tests\test\crud\Fields\BooleanSingleCheckbox5\AuthenticatedUserTest" tests="8" assertions="40" failures="0" errors="0" time="19.384093" file="/Users/neeravm/Sites/red-test/tests/RedTest/tests/test/crud/Fields/BooleanSingleCheckbox5/AuthenticatedUserTest.php">
      <testcase name="testEmptySubmission" class="tests\RedTest\tests\test\crud\Fields\BooleanSingleCheckbox5\AuthenticatedUserTest" file="/Users/neeravm/Sites/red-test/tests/RedTest/tests/test/crud/Fields/BooleanSingleCheckbox5/AuthenticatedUserTest.php" line="87" assertions="5" time="1.272538"/>
      <testcase name="testEmptySubmissionWithoutChange" class="tests\RedTest\tests\test\crud\Fields\BooleanSingleCheckbox5\AuthenticatedUserTest" file="/Users/neeravm/Sites/red-test/tests/RedTest/tests/test/crud/Fields/BooleanSingleCheckbox5/AuthenticatedUserTest.php" line="119" assertions="2" time="1.462123"/>
      <testcase name="testValueOneSubmission" class="tests\RedTest\tests\test\crud\Fields\BooleanSingleCheckbox5\AuthenticatedUserTest" file="/Users/neeravm/Sites/red-test/tests/RedTest/tests/test/crud/Fields/BooleanSingleCheckbox5/AuthenticatedUserTest.php" line="134" assertions="4" time="1.427410"/>
      <testcase name="testValueMultipleSubmission" class="tests\RedTest\tests\test\crud\Fields\BooleanSingleCheckbox5\AuthenticatedUserTest" file="/Users/neeravm/Sites/red-test/tests/RedTest/tests/test/crud/Fields/BooleanSingleCheckbox5/AuthenticatedUserTest.php" line="158" assertions="4" time="1.368927"/>
      <testcase name="testEmptySubmissionWithoutChange2" class="tests\RedTest\tests\test\crud\Fields\BooleanSingleCheckbox5\AuthenticatedUserTest" file="/Users/neeravm/Sites/red-test/tests/RedTest/tests/test/crud/Fields/BooleanSingleCheckbox5/AuthenticatedUserTest.php" line="188" assertions="2" time="1.490035"/>
      <testcase name="testValueZeroSubmission" class="tests\RedTest\tests\test\crud\Fields\BooleanSingleCheckbox5\AuthenticatedUserTest" file="/Users/neeravm/Sites/red-test/tests/RedTest/tests/test/crud/Fields/BooleanSingleCheckbox5/AuthenticatedUserTest.php" line="203" assertions="4" time="1.445857"/>
      <testcase name="testEmptySubmission2" class="tests\RedTest\tests\test\crud\Fields\BooleanSingleCheckbox5\AuthenticatedUserTest" file="/Users/neeravm/Sites/red-test/tests/RedTest/tests/test/crud/Fields/BooleanSingleCheckbox5/AuthenticatedUserTest.php" line="223" assertions="4" time="1.535021"/>
      <testcase name="testDefaltValues" class="tests\RedTest\tests\test\crud\Fields\BooleanSingleCheckbox5\AuthenticatedUserTest" file="/Users/neeravm/Sites/red-test/tests/RedTest/tests/test/crud/Fields/BooleanSingleCheckbox5/AuthenticatedUserTest.php" line="243" assertions="15" time="9.382182"/>
    </testsuite>
    <testsuite name="tests\RedTest\tests\test\crud\Fields\BooleanSingleCheckbox6\AuthenticatedUserTest" tests="8" assertions="40" failures="0" errors="0" time="19.126831" file="/Users/neeravm/Sites/red-test/tests/RedTest/tests/test/crud/Fields/BooleanSingleCheckbox6/AuthenticatedUserTest.php">
      <testcase name="testEmptySubmission" class="tests\RedTest\tests\test\crud\Fields\BooleanSingleCheckbox6\AuthenticatedUserTest" file="/Users/neeravm/Sites/red-test/tests/RedTest/tests/test/crud/Fields/BooleanSingleCheckbox6/AuthenticatedUserTest.php" line="87" assertions="5" time="1.371647"/>
      <testcase name="testEmptySubmissionWithoutChange" class="tests\RedTest\tests\test\crud\Fields\BooleanSingleCheckbox6\AuthenticatedUserTest" file="/Users/neeravm/Sites/red-test/tests/RedTest/tests/test/crud/Fields/BooleanSingleCheckbox6/AuthenticatedUserTest.php" line="119" assertions="2" time="1.450258"/>
      <testcase name="testValueOneSubmission" class="tests\RedTest\tests\test\crud\Fields\BooleanSingleCheckbox6\AuthenticatedUserTest" file="/Users/neeravm/Sites/red-test/tests/RedTest/tests/test/crud/Fields/BooleanSingleCheckbox6/AuthenticatedUserTest.php" line="134" assertions="4" time="1.451208"/>
      <testcase name="testValueMultipleSubmission" class="tests\RedTest\tests\test\crud\Fields\BooleanSingleCheckbox6\AuthenticatedUserTest" file="/Users/neeravm/Sites/red-test/tests/RedTest/tests/test/crud/Fields/BooleanSingleCheckbox6/AuthenticatedUserTest.php" line="158" assertions="4" time="1.439895"/>
      <testcase name="testEmptySubmissionWithoutChange2" class="tests\RedTest\tests\test\crud\Fields\BooleanSingleCheckbox6\AuthenticatedUserTest" file="/Users/neeravm/Sites/red-test/tests/RedTest/tests/test/crud/Fields/BooleanSingleCheckbox6/AuthenticatedUserTest.php" line="188" assertions="2" time="1.449414"/>
      <testcase name="testValueZeroSubmission" class="tests\RedTest\tests\test\crud\Fields\BooleanSingleCheckbox6\AuthenticatedUserTest" file="/Users/neeravm/Sites/red-test/tests/RedTest/tests/test/crud/Fields/BooleanSingleCheckbox6/AuthenticatedUserTest.php" line="203" assertions="4" time="1.497947"/>
      <testcase name="testEmptySubmission2" class="tests\RedTest\tests\test\crud\Fields\BooleanSingleCheckbox6\AuthenticatedUserTest" file="/Users/neeravm/Sites/red-test/tests/RedTest/tests/test/crud/Fields/BooleanSingleCheckbox6/AuthenticatedUserTest.php" line="223" assertions="4" time="1.463677"/>
      <testcase name="testDefaltValues" class="tests\RedTest\tests\test\crud\Fields\BooleanSingleCheckbox6\AuthenticatedUserTest" file="/Users/neeravm/Sites/red-test/tests/RedTest/tests/test/crud/Fields/BooleanSingleCheckbox6/AuthenticatedUserTest.php" line="243" assertions="15" time="9.002785"/>
    </testsuite>
    <testsuite name="tests\RedTest\tests\test\crud\Fields\BooleanSingleCheckbox7\AuthenticatedUserTest" tests="8" assertions="40" failures="0" errors="0" time="19.701845" file="/Users/neeravm/Sites/red-test/tests/RedTest/tests/test/crud/Fields/BooleanSingleCheckbox7/AuthenticatedUserTest.php">
      <testcase name="testEmptySubmission" class="tests\RedTest\tests\test\crud\Fields\BooleanSingleCheckbox7\AuthenticatedUserTest" file="/Users/neeravm/Sites/red-test/tests/RedTest/tests/test/crud/Fields/BooleanSingleCheckbox7/AuthenticatedUserTest.php" line="87" assertions="5" time="1.373043"/>
      <testcase name="testEmptySubmissionWithoutChange" class="tests\RedTest\tests\test\crud\Fields\BooleanSingleCheckbox7\AuthenticatedUserTest" file="/Users/neeravm/Sites/red-test/tests/RedTest/tests/test/crud/Fields/BooleanSingleCheckbox7/AuthenticatedUserTest.php" line="119" assertions="2" time="1.349536"/>
      <testcase name="testValueOneSubmission" class="tests\RedTest\tests\test\crud\Fields\BooleanSingleCheckbox7\AuthenticatedUserTest" file="/Users/neeravm/Sites/red-test/tests/RedTest/tests/test/crud/Fields/BooleanSingleCheckbox7/AuthenticatedUserTest.php" line="134" assertions="4" time="1.375858"/>
      <testcase name="testValueMultipleSubmission" class="tests\RedTest\tests\test\crud\Fields\BooleanSingleCheckbox7\AuthenticatedUserTest" file="/Users/neeravm/Sites/red-test/tests/RedTest/tests/test/crud/Fields/BooleanSingleCheckbox7/AuthenticatedUserTest.php" line="158" assertions="4" time="1.434876"/>
      <testcase name="testEmptySubmissionWithoutChange2" class="tests\RedTest\tests\test\crud\Fields\BooleanSingleCheckbox7\AuthenticatedUserTest" file="/Users/neeravm/Sites/red-test/tests/RedTest/tests/test/crud/Fields/BooleanSingleCheckbox7/AuthenticatedUserTest.php" line="188" assertions="2" time="1.420887"/>
      <testcase name="testValueZeroSubmission" class="tests\RedTest\tests\test\crud\Fields\BooleanSingleCheckbox7\AuthenticatedUserTest" file="/Users/neeravm/Sites/red-test/tests/RedTest/tests/test/crud/Fields/BooleanSingleCheckbox7/AuthenticatedUserTest.php" line="203" assertions="4" time="1.461684"/>
      <testcase name="testEmptySubmission2" class="tests\RedTest\tests\test\crud\Fields\BooleanSingleCheckbox7\AuthenticatedUserTest" file="/Users/neeravm/Sites/red-test/tests/RedTest/tests/test/crud/Fields/BooleanSingleCheckbox7/AuthenticatedUserTest.php" line="223" assertions="4" time="1.542731"/>
      <testcase name="testDefaltValues" class="tests\RedTest\tests\test\crud\Fields\BooleanSingleCheckbox7\AuthenticatedUserTest" file="/Users/neeravm/Sites/red-test/tests/RedTest/tests/test/crud/Fields/BooleanSingleCheckbox7/AuthenticatedUserTest.php" line="243" assertions="15" time="9.743230"/>
    </testsuite>
    <testsuite name="tests\RedTest\tests\test\crud\Fields\BooleanSingleCheckbox8\AuthenticatedUserTest" tests="8" assertions="40" failures="0" errors="0" time="16.796794" file="/Users/neeravm/Sites/red-test/tests/RedTest/tests/test/crud/Fields/BooleanSingleCheckbox8/AuthenticatedUserTest.php">
      <testcase name="testEmptySubmission" class="tests\RedTest\tests\test\crud\Fields\BooleanSingleCheckbox8\AuthenticatedUserTest" file="/Users/neeravm/Sites/red-test/tests/RedTest/tests/test/crud/Fields/BooleanSingleCheckbox8/AuthenticatedUserTest.php" line="87" assertions="5" time="2.276284"/>
      <testcase name="testEmptySubmissionWithoutChange" class="tests\RedTest\tests\test\crud\Fields\BooleanSingleCheckbox8\AuthenticatedUserTest" file="/Users/neeravm/Sites/red-test/tests/RedTest/tests/test/crud/Fields/BooleanSingleCheckbox8/AuthenticatedUserTest.php" line="119" assertions="2" time="2.340510"/>
      <testcase name="testValueOneSubmission" class="tests\RedTest\tests\test\crud\Fields\BooleanSingleCheckbox8\AuthenticatedUserTest" file="/Users/neeravm/Sites/red-test/tests/RedTest/tests/test/crud/Fields/BooleanSingleCheckbox8/AuthenticatedUserTest.php" line="134" assertions="4" time="1.268739"/>
      <testcase name="testValueMultipleSubmission" class="tests\RedTest\tests\test\crud\Fields\BooleanSingleCheckbox8\AuthenticatedUserTest" file="/Users/neeravm/Sites/red-test/tests/RedTest/tests/test/crud/Fields/BooleanSingleCheckbox8/AuthenticatedUserTest.php" line="158" assertions="4" time="1.127556"/>
      <testcase name="testEmptySubmissionWithoutChange2" class="tests\RedTest\tests\test\crud\Fields\BooleanSingleCheckbox8\AuthenticatedUserTest" file="/Users/neeravm/Sites/red-test/tests/RedTest/tests/test/crud/Fields/BooleanSingleCheckbox8/AuthenticatedUserTest.php" line="188" assertions="2" time="1.094395"/>
      <testcase name="testValueZeroSubmission" class="tests\RedTest\tests\test\crud\Fields\BooleanSingleCheckbox8\AuthenticatedUserTest" file="/Users/neeravm/Sites/red-test/tests/RedTest/tests/test/crud/Fields/BooleanSingleCheckbox8/AuthenticatedUserTest.php" line="203" assertions="4" time="1.068867"/>
      <testcase name="testEmptySubmission2" class="tests\RedTest\tests\test\crud\Fields\BooleanSingleCheckbox8\AuthenticatedUserTest" file="/Users/neeravm/Sites/red-test/tests/RedTest/tests/test/crud/Fields/BooleanSingleCheckbox8/AuthenticatedUserTest.php" line="223" assertions="4" time="1.118452"/>
      <testcase name="testDefaltValues" class="tests\RedTest\tests\test\crud\Fields\BooleanSingleCheckbox8\AuthenticatedUserTest" file="/Users/neeravm/Sites/red-test/tests/RedTest/tests/test/crud/Fields/BooleanSingleCheckbox8/AuthenticatedUserTest.php" line="243" assertions="15" time="6.501991"/>
    </testsuite>
    <testsuite name="tests\RedTest\tests\redtest_form\AuthenticatedUserTest" tests="1" assertions="5" failures="0" errors="0" time="0.034357" file="/Users/neeravm/Sites/red-test/tests/RedTest/tests/redtest_form/AuthenticatedUserTest.php">
      <testcase name="testIndividualFieldSubmission" class="tests\RedTest\tests\redtest_form\AuthenticatedUserTest" file="/Users/neeravm/Sites/red-test/tests/RedTest/tests/redtest_form/AuthenticatedUserTest.php" line="55" assertions="5" time="0.034357"/>
    </testsuite>
    <testsuite name="tests\RedTest\tests\test\crud\Fields\DecimalMultipleTextfield1\AuthenticatedUserTest" tests="8" assertions="40" failures="0" errors="0" time="22.057692" file="/Users/neeravm/Sites/red-test/tests/RedTest/tests/test/crud/Fields/DecimalMultipleTextfield1/AuthenticatedUserTest.php">
      <testcase name="testEmptySubmission" class="tests\RedTest\tests\test\crud\Fields\DecimalMultipleTextfield1\AuthenticatedUserTest" file="/Users/neeravm/Sites/red-test/tests/RedTest/tests/test/crud/Fields/DecimalMultipleTextfield1/AuthenticatedUserTest.php" line="86" assertions="5" time="1.197343"/>
      <testcase name="testEmptySubmissionWithoutChange" class="tests\RedTest\tests\test\crud\Fields\DecimalMultipleTextfield1\AuthenticatedUserTest" file="/Users/neeravm/Sites/red-test/tests/RedTest/tests/test/crud/Fields/DecimalMultipleTextfield1/AuthenticatedUserTest.php" line="118" assertions="2" time="1.246915"/>
      <testcase name="testValueOneSubmission" class="tests\RedTest\tests\test\crud\Fields\DecimalMultipleTextfield1\AuthenticatedUserTest" file="/Users/neeravm/Sites/red-test/tests/RedTest/tests/test/crud/Fields/DecimalMultipleTextfield1/AuthenticatedUserTest.php" line="133" assertions="4" time="1.087728"/>
      <testcase name="testValueMultipleSubmission" class="tests\RedTest\tests\test\crud\Fields\DecimalMultipleTextfield1\AuthenticatedUserTest" file="/Users/neeravm/Sites/red-test/tests/RedTest/tests/test/crud/Fields/DecimalMultipleTextfield1/AuthenticatedUserTest.php" line="157" assertions="4" time="1.794806"/>
      <testcase name="testEmptySubmissionWithoutChange2" class="tests\RedTest\tests\test\crud\Fields\DecimalMultipleTextfield1\AuthenticatedUserTest" file="/Users/neeravm/Sites/red-test/tests/RedTest/tests/test/crud/Fields/DecimalMultipleTextfield1/AuthenticatedUserTest.php" line="183" assertions="2" time="2.126816"/>
      <testcase name="testValueZeroSubmission" class="tests\RedTest\tests\test\crud\Fields\DecimalMultipleTextfield1\AuthenticatedUserTest" file="/Users/neeravm/Sites/red-test/tests/RedTest/tests/test/crud/Fields/DecimalMultipleTextfield1/AuthenticatedUserTest.php" line="198" assertions="4" time="2.276524"/>
      <testcase name="testEmptySubmission2" class="tests\RedTest\tests\test\crud\Fields\DecimalMultipleTextfield1\AuthenticatedUserTest" file="/Users/neeravm/Sites/red-test/tests/RedTest/tests/test/crud/Fields/DecimalMultipleTextfield1/AuthenticatedUserTest.php" line="218" assertions="4" time="2.285634"/>
      <testcase name="testDefaltValues" class="tests\RedTest\tests\test\crud\Fields\DecimalMultipleTextfield1\AuthenticatedUserTest" file="/Users/neeravm/Sites/red-test/tests/RedTest/tests/test/crud/Fields/DecimalMultipleTextfield1/AuthenticatedUserTest.php" line="238" assertions="15" time="10.041926"/>
    </testsuite>
    <testsuite name="tests\RedTest\tests\test\crud\Fields\LinkMulti1\AuthenticatedUserTest" tests="8" assertions="40" failures="0" errors="0" time="23.545364" file="/Users/neeravm/Sites/red-test/tests/RedTest/tests/test/crud/Fields/LinkMulti1/AuthenticatedUserTest.php">
      <testcase name="testEmptySubmission" class="tests\RedTest\tests\test\crud\Fields\LinkMulti1\AuthenticatedUserTest" file="/Users/neeravm/Sites/red-test/tests/RedTest/tests/test/crud/Fields/LinkMulti1/AuthenticatedUserTest.php" line="86" assertions="5" time="1.531959"/>
      <testcase name="testEmptySubmissionWithoutChange" class="tests\RedTest\tests\test\crud\Fields\LinkMulti1\AuthenticatedUserTest" file="/Users/neeravm/Sites/red-test/tests/RedTest/tests/test/crud/Fields/LinkMulti1/AuthenticatedUserTest.php" line="118" assertions="2" time="2.272759"/>
      <testcase name="testValueOneSubmission" class="tests\RedTest\tests\test\crud\Fields\LinkMulti1\AuthenticatedUserTest" file="/Users/neeravm/Sites/red-test/tests/RedTest/tests/test/crud/Fields/LinkMulti1/AuthenticatedUserTest.php" line="133" assertions="4" time="2.248902"/>
      <testcase name="testValueMultipleSubmission" class="tests\RedTest\tests\test\crud\Fields\LinkMulti1\AuthenticatedUserTest" file="/Users/neeravm/Sites/red-test/tests/RedTest/tests/test/crud/Fields/LinkMulti1/AuthenticatedUserTest.php" line="157" assertions="4" time="2.910867"/>
      <testcase name="testEmptySubmissionWithoutChange2" class="tests\RedTest\tests\test\crud\Fields\LinkMulti1\AuthenticatedUserTest" file="/Users/neeravm/Sites/red-test/tests/RedTest/tests/test/crud/Fields/LinkMulti1/AuthenticatedUserTest.php" line="197" assertions="2" time="1.512673"/>
      <testcase name="testValueZeroSubmission" class="tests\RedTest\tests\test\crud\Fields\LinkMulti1\AuthenticatedUserTest" file="/Users/neeravm/Sites/red-test/tests/RedTest/tests/test/crud/Fields/LinkMulti1/AuthenticatedUserTest.php" line="212" assertions="4" time="1.386404"/>
      <testcase name="testEmptySubmission2" class="tests\RedTest\tests\test\crud\Fields\LinkMulti1\AuthenticatedUserTest" file="/Users/neeravm/Sites/red-test/tests/RedTest/tests/test/crud/Fields/LinkMulti1/AuthenticatedUserTest.php" line="238" assertions="4" time="1.531174"/>
      <testcase name="testDefaltValues" class="tests\RedTest\tests\test\crud\Fields\LinkMulti1\AuthenticatedUserTest" file="/Users/neeravm/Sites/red-test/tests/RedTest/tests/test/crud/Fields/LinkMulti1/AuthenticatedUserTest.php" line="262" assertions="15" time="10.150626"/>
    </testsuite>
    <testsuite name="tests\RedTest\tests\test\crud\Fields\DecimalMultipleTextfield2\AuthenticatedUserTest" tests="8" assertions="40" failures="0" errors="0" time="24.956201" file="/Users/neeravm/Sites/red-test/tests/RedTest/tests/test/crud/Fields/DecimalMultipleTextfield2/AuthenticatedUserTest.php">
      <testcase name="testEmptySubmission" class="tests\RedTest\tests\test\crud\Fields\DecimalMultipleTextfield2\AuthenticatedUserTest" file="/Users/neeravm/Sites/red-test/tests/RedTest/tests/test/crud/Fields/DecimalMultipleTextfield2/AuthenticatedUserTest.php" line="86" assertions="5" time="2.098912"/>
      <testcase name="testEmptySubmissionWithoutChange" class="tests\RedTest\tests\test\crud\Fields\DecimalMultipleTextfield2\AuthenticatedUserTest" file="/Users/neeravm/Sites/red-test/tests/RedTest/tests/test/crud/Fields/DecimalMultipleTextfield2/AuthenticatedUserTest.php" line="118" assertions="2" time="2.172991"/>
      <testcase name="testValueOneSubmission" class="tests\RedTest\tests\test\crud\Fields\DecimalMultipleTextfield2\AuthenticatedUserTest" file="/Users/neeravm/Sites/red-test/tests/RedTest/tests/test/crud/Fields/DecimalMultipleTextfield2/AuthenticatedUserTest.php" line="133" assertions="4" time="2.286091"/>
      <testcase name="testValueMultipleSubmission" class="tests\RedTest\tests\test\crud\Fields\DecimalMultipleTextfield2\AuthenticatedUserTest" file="/Users/neeravm/Sites/red-test/tests/RedTest/tests/test/crud/Fields/DecimalMultipleTextfield2/AuthenticatedUserTest.php" line="157" assertions="4" time="2.714734"/>
      <testcase name="testEmptySubmissionWithoutChange2" class="tests\RedTest\tests\test\crud\Fields\DecimalMultipleTextfield2\AuthenticatedUserTest" file="/Users/neeravm/Sites/red-test/tests/RedTest/tests/test/crud/Fields/DecimalMultipleTextfield2/AuthenticatedUserTest.php" line="183" assertions="2" time="1.484377"/>
      <testcase name="testValueZeroSubmission" class="tests\RedTest\tests\test\crud\Fields\DecimalMultipleTextfield2\AuthenticatedUserTest" file="/Users/neeravm/Sites/red-test/tests/RedTest/tests/test/crud/Fields/DecimalMultipleTextfield2/AuthenticatedUserTest.php" line="198" assertions="4" time="1.521522"/>
      <testcase name="testEmptySubmission2" class="tests\RedTest\tests\test\crud\Fields\DecimalMultipleTextfield2\AuthenticatedUserTest" file="/Users/neeravm/Sites/red-test/tests/RedTest/tests/test/crud/Fields/DecimalMultipleTextfield2/AuthenticatedUserTest.php" line="218" assertions="4" time="1.496678"/>
      <testcase name="testDefaltValues" class="tests\RedTest\tests\test\crud\Fields\DecimalMultipleTextfield2\AuthenticatedUserTest" file="/Users/neeravm/Sites/red-test/tests/RedTest/tests/test/crud/Fields/DecimalMultipleTextfield2/AuthenticatedUserTest.php" line="238" assertions="15" time="11.180896"/>
    </testsuite>
    <testsuite name="tests\RedTest\tests\test\crud\AuthenticatedUser2Test" tests="1" assertions="13" failures="0" errors="0" time="134.352706" file="/Users/neeravm/Sites/red-test/tests/RedTest/tests/test/crud/All/AuthenticatedUser2Test.php">
      <testcase name="testAllDefault" class="tests\RedTest\tests\test\crud\AuthenticatedUser2Test" file="/Users/neeravm/Sites/red-test/tests/RedTest/tests/test/crud/All/AuthenticatedUser2Test.php" line="136" assertions="13" time="134.352706"/>
    </testsuite>
    <testsuite name="tests\RedTest\tests\test\crud\AuthenticatedUser3Test" tests="1" assertions="13" failures="0" errors="0" time="143.256224" file="/Users/neeravm/Sites/red-test/tests/RedTest/tests/test/crud/All/AuthenticatedUser3Test.php">
      <testcase name="testAllDefault" class="tests\RedTest\tests\test\crud\AuthenticatedUser3Test" file="/Users/neeravm/Sites/red-test/tests/RedTest/tests/test/crud/All/AuthenticatedUser3Test.php" line="136" assertions="13" time="143.256224"/>
    </testsuite>
    <testsuite name="tests\RedTest\tests\test\crud\AuthenticatedUserTest" tests="1" assertions="13" failures="0" errors="0" time="143.745446" file="/Users/neeravm/Sites/red-test/tests/RedTest/tests/test/crud/All/AuthenticatedUserTest.php">
      <testcase name="testAllDefault" class="tests\RedTest\tests\test\crud\AuthenticatedUserTest" file="/Users/neeravm/Sites/red-test/tests/RedTest/tests/test/crud/All/AuthenticatedUserTest.php" line="136" assertions="13" time="143.745446"/>
    </testsuite>
    <testsuite name="tests\RedTest\tests\test\crud\AuthenticatedUser4Test" tests="1" assertions="13" failures="0" errors="0" time="150.30014" file="/Users/neeravm/Sites/red-test/tests/RedTest/tests/test/crud/All/AuthenticatedUser4Test.php">
      <testcase name="testAllDefault" class="tests\RedTest\tests\test\crud\AuthenticatedUser4Test" file="/Users/neeravm/Sites/red-test/tests/RedTest/tests/test/crud/All/AuthenticatedUser4Test.php" line="136" assertions="13" time="150.300140"/>
    </testsuite>
  </testsuite>
</testsuites>
