<?xml version="1.0" encoding="UTF-8"?>
<testsuites>
  <testsuite name="" tests="101" assertions="525" failures="0" errors="0" time="837.48481">
    <testsuite name="RedTest\tests\test\crud\Fields\BooleanSingleCheckbox2\AuthenticatedUserTest" tests="8" assertions="39" failures="0" errors="0" time="18.924327" file="/Users/neeravm/Sites/red-test/tests/RedTest/tests/test/crud/Fields/BooleanSingleCheckbox2/AuthenticatedUserTest.php">
      <testcase name="testEmptySubmission" class="RedTest\tests\test\crud\Fields\BooleanSingleCheckbox2\AuthenticatedUserTest" file="/Users/neeravm/Sites/red-test/tests/RedTest/tests/test/crud/Fields/BooleanSingleCheckbox2/AuthenticatedUserTest.php" line="95" assertions="5" time="1.423479"/>
      <testcase name="testEmptySubmissionWithoutChange" class="RedTest\tests\test\crud\Fields\BooleanSingleCheckbox2\AuthenticatedUserTest" file="/Users/neeravm/Sites/red-test/tests/RedTest/tests/test/crud/Fields/BooleanSingleCheckbox2/AuthenticatedUserTest.php" line="127" assertions="2" time="1.569934"/>
      <testcase name="testValueOneSubmission" class="RedTest\tests\test\crud\Fields\BooleanSingleCheckbox2\AuthenticatedUserTest" file="/Users/neeravm/Sites/red-test/tests/RedTest/tests/test/crud/Fields/BooleanSingleCheckbox2/AuthenticatedUserTest.php" line="142" assertions="4" time="1.623722"/>
      <testcase name="testValueMultipleSubmission" class="RedTest\tests\test\crud\Fields\BooleanSingleCheckbox2\AuthenticatedUserTest" file="/Users/neeravm/Sites/red-test/tests/RedTest/tests/test/crud/Fields/BooleanSingleCheckbox2/AuthenticatedUserTest.php" line="166" assertions="4" time="1.687981"/>
      <testcase name="testEmptySubmissionWithoutChange2" class="RedTest\tests\test\crud\Fields\BooleanSingleCheckbox2\AuthenticatedUserTest" file="/Users/neeravm/Sites/red-test/tests/RedTest/tests/test/crud/Fields/BooleanSingleCheckbox2/AuthenticatedUserTest.php" line="190" assertions="2" time="1.507769"/>
      <testcase name="testValueZeroSubmission" class="RedTest\tests\test\crud\Fields\BooleanSingleCheckbox2\AuthenticatedUserTest" file="/Users/neeravm/Sites/red-test/tests/RedTest/tests/test/crud/Fields/BooleanSingleCheckbox2/AuthenticatedUserTest.php" line="205" assertions="3" time="1.542493"/>
      <testcase name="testEmptySubmission2" class="RedTest\tests\test\crud\Fields\BooleanSingleCheckbox2\AuthenticatedUserTest" file="/Users/neeravm/Sites/red-test/tests/RedTest/tests/test/crud/Fields/BooleanSingleCheckbox2/AuthenticatedUserTest.php" line="225" assertions="4" time="1.561518"/>
      <testcase name="testDefaltValues" class="RedTest\tests\test\crud\Fields\BooleanSingleCheckbox2\AuthenticatedUserTest" file="/Users/neeravm/Sites/red-test/tests/RedTest/tests/test/crud/Fields/BooleanSingleCheckbox2/AuthenticatedUserTest.php" line="245" assertions="15" time="8.007431"/>
    </testsuite>
    <testsuite name="RedTest\tests\test\crud\Fields\BooleanSingleCheckbox3\AuthenticatedUserTest" tests="8" assertions="39" failures="0" errors="0" time="19.120172" file="/Users/neeravm/Sites/red-test/tests/RedTest/tests/test/crud/Fields/BooleanSingleCheckbox3/AuthenticatedUserTest.php">
      <testcase name="testEmptySubmission" class="RedTest\tests\test\crud\Fields\BooleanSingleCheckbox3\AuthenticatedUserTest" file="/Users/neeravm/Sites/red-test/tests/RedTest/tests/test/crud/Fields/BooleanSingleCheckbox3/AuthenticatedUserTest.php" line="95" assertions="5" time="1.451473"/>
      <testcase name="testEmptySubmissionWithoutChange" class="RedTest\tests\test\crud\Fields\BooleanSingleCheckbox3\AuthenticatedUserTest" file="/Users/neeravm/Sites/red-test/tests/RedTest/tests/test/crud/Fields/BooleanSingleCheckbox3/AuthenticatedUserTest.php" line="127" assertions="2" time="1.546305"/>
      <testcase name="testValueOneSubmission" class="RedTest\tests\test\crud\Fields\BooleanSingleCheckbox3\AuthenticatedUserTest" file="/Users/neeravm/Sites/red-test/tests/RedTest/tests/test/crud/Fields/BooleanSingleCheckbox3/AuthenticatedUserTest.php" line="142" assertions="4" time="1.593642"/>
      <testcase name="testValueMultipleSubmission" class="RedTest\tests\test\crud\Fields\BooleanSingleCheckbox3\AuthenticatedUserTest" file="/Users/neeravm/Sites/red-test/tests/RedTest/tests/test/crud/Fields/BooleanSingleCheckbox3/AuthenticatedUserTest.php" line="166" assertions="4" time="1.718258"/>
      <testcase name="testEmptySubmissionWithoutChange2" class="RedTest\tests\test\crud\Fields\BooleanSingleCheckbox3\AuthenticatedUserTest" file="/Users/neeravm/Sites/red-test/tests/RedTest/tests/test/crud/Fields/BooleanSingleCheckbox3/AuthenticatedUserTest.php" line="190" assertions="2" time="1.523965"/>
      <testcase name="testValueZeroSubmission" class="RedTest\tests\test\crud\Fields\BooleanSingleCheckbox3\AuthenticatedUserTest" file="/Users/neeravm/Sites/red-test/tests/RedTest/tests/test/crud/Fields/BooleanSingleCheckbox3/AuthenticatedUserTest.php" line="205" assertions="3" time="1.605340"/>
      <testcase name="testEmptySubmission2" class="RedTest\tests\test\crud\Fields\BooleanSingleCheckbox3\AuthenticatedUserTest" file="/Users/neeravm/Sites/red-test/tests/RedTest/tests/test/crud/Fields/BooleanSingleCheckbox3/AuthenticatedUserTest.php" line="225" assertions="4" time="1.600105"/>
      <testcase name="testDefaltValues" class="RedTest\tests\test\crud\Fields\BooleanSingleCheckbox3\AuthenticatedUserTest" file="/Users/neeravm/Sites/red-test/tests/RedTest/tests/test/crud/Fields/BooleanSingleCheckbox3/AuthenticatedUserTest.php" line="245" assertions="15" time="8.081084"/>
    </testsuite>
    <testsuite name="RedTest\tests\test\crud\Fields\BooleanSingleCheckbox1\AuthenticatedUserTest" tests="8" assertions="39" failures="0" errors="0" time="19.129077" file="/Users/neeravm/Sites/red-test/tests/RedTest/tests/test/crud/Fields/BooleanSingleCheckbox1/AuthenticatedUserTest.php">
      <testcase name="testEmptySubmission" class="RedTest\tests\test\crud\Fields\BooleanSingleCheckbox1\AuthenticatedUserTest" file="/Users/neeravm/Sites/red-test/tests/RedTest/tests/test/crud/Fields/BooleanSingleCheckbox1/AuthenticatedUserTest.php" line="95" assertions="5" time="1.535900"/>
      <testcase name="testEmptySubmissionWithoutChange" class="RedTest\tests\test\crud\Fields\BooleanSingleCheckbox1\AuthenticatedUserTest" file="/Users/neeravm/Sites/red-test/tests/RedTest/tests/test/crud/Fields/BooleanSingleCheckbox1/AuthenticatedUserTest.php" line="127" assertions="2" time="1.568059"/>
      <testcase name="testValueOneSubmission" class="RedTest\tests\test\crud\Fields\BooleanSingleCheckbox1\AuthenticatedUserTest" file="/Users/neeravm/Sites/red-test/tests/RedTest/tests/test/crud/Fields/BooleanSingleCheckbox1/AuthenticatedUserTest.php" line="142" assertions="4" time="1.626638"/>
      <testcase name="testValueMultipleSubmission" class="RedTest\tests\test\crud\Fields\BooleanSingleCheckbox1\AuthenticatedUserTest" file="/Users/neeravm/Sites/red-test/tests/RedTest/tests/test/crud/Fields/BooleanSingleCheckbox1/AuthenticatedUserTest.php" line="166" assertions="4" time="1.615802"/>
      <testcase name="testEmptySubmissionWithoutChange2" class="RedTest\tests\test\crud\Fields\BooleanSingleCheckbox1\AuthenticatedUserTest" file="/Users/neeravm/Sites/red-test/tests/RedTest/tests/test/crud/Fields/BooleanSingleCheckbox1/AuthenticatedUserTest.php" line="190" assertions="2" time="1.502453"/>
      <testcase name="testValueZeroSubmission" class="RedTest\tests\test\crud\Fields\BooleanSingleCheckbox1\AuthenticatedUserTest" file="/Users/neeravm/Sites/red-test/tests/RedTest/tests/test/crud/Fields/BooleanSingleCheckbox1/AuthenticatedUserTest.php" line="205" assertions="3" time="1.551145"/>
      <testcase name="testEmptySubmission2" class="RedTest\tests\test\crud\Fields\BooleanSingleCheckbox1\AuthenticatedUserTest" file="/Users/neeravm/Sites/red-test/tests/RedTest/tests/test/crud/Fields/BooleanSingleCheckbox1/AuthenticatedUserTest.php" line="225" assertions="4" time="1.635284"/>
      <testcase name="testDefaltValues" class="RedTest\tests\test\crud\Fields\BooleanSingleCheckbox1\AuthenticatedUserTest" file="/Users/neeravm/Sites/red-test/tests/RedTest/tests/test/crud/Fields/BooleanSingleCheckbox1/AuthenticatedUserTest.php" line="245" assertions="15" time="8.093796"/>
    </testsuite>
    <testsuite name="RedTest\tests\test\crud\Fields\BooleanCheckboxes1\AuthenticatedUserTest" tests="8" assertions="39" failures="0" errors="0" time="19.247165" file="/Users/neeravm/Sites/red-test/tests/RedTest/tests/test/crud/Fields/BooleanCheckboxes1/AuthenticatedUserTest.php">
      <testcase name="testEmptySubmission" class="RedTest\tests\test\crud\Fields\BooleanCheckboxes1\AuthenticatedUserTest" file="/Users/neeravm/Sites/red-test/tests/RedTest/tests/test/crud/Fields/BooleanCheckboxes1/AuthenticatedUserTest.php" line="95" assertions="5" time="1.429053"/>
      <testcase name="testEmptySubmissionWithoutChange" class="RedTest\tests\test\crud\Fields\BooleanCheckboxes1\AuthenticatedUserTest" file="/Users/neeravm/Sites/red-test/tests/RedTest/tests/test/crud/Fields/BooleanCheckboxes1/AuthenticatedUserTest.php" line="127" assertions="2" time="1.546067"/>
      <testcase name="testValueOneSubmission" class="RedTest\tests\test\crud\Fields\BooleanCheckboxes1\AuthenticatedUserTest" file="/Users/neeravm/Sites/red-test/tests/RedTest/tests/test/crud/Fields/BooleanCheckboxes1/AuthenticatedUserTest.php" line="142" assertions="4" time="1.658070"/>
      <testcase name="testValueMultipleSubmission" class="RedTest\tests\test\crud\Fields\BooleanCheckboxes1\AuthenticatedUserTest" file="/Users/neeravm/Sites/red-test/tests/RedTest/tests/test/crud/Fields/BooleanCheckboxes1/AuthenticatedUserTest.php" line="166" assertions="4" time="1.971315"/>
      <testcase name="testEmptySubmissionWithoutChange2" class="RedTest\tests\test\crud\Fields\BooleanCheckboxes1\AuthenticatedUserTest" file="/Users/neeravm/Sites/red-test/tests/RedTest/tests/test/crud/Fields/BooleanCheckboxes1/AuthenticatedUserTest.php" line="190" assertions="2" time="1.485002"/>
      <testcase name="testValueZeroSubmission" class="RedTest\tests\test\crud\Fields\BooleanCheckboxes1\AuthenticatedUserTest" file="/Users/neeravm/Sites/red-test/tests/RedTest/tests/test/crud/Fields/BooleanCheckboxes1/AuthenticatedUserTest.php" line="205" assertions="3" time="1.532047"/>
      <testcase name="testEmptySubmission2" class="RedTest\tests\test\crud\Fields\BooleanCheckboxes1\AuthenticatedUserTest" file="/Users/neeravm/Sites/red-test/tests/RedTest/tests/test/crud/Fields/BooleanCheckboxes1/AuthenticatedUserTest.php" line="225" assertions="4" time="1.574595"/>
      <testcase name="testDefaltValues" class="RedTest\tests\test\crud\Fields\BooleanCheckboxes1\AuthenticatedUserTest" file="/Users/neeravm/Sites/red-test/tests/RedTest/tests/test/crud/Fields/BooleanCheckboxes1/AuthenticatedUserTest.php" line="245" assertions="15" time="8.051016"/>
    </testsuite>
    <testsuite name="RedTest\tests\test\crud\Fields\BooleanSingleCheckbox4\AuthenticatedUserTest" tests="8" assertions="39" failures="0" errors="0" time="19.84388" file="/Users/neeravm/Sites/red-test/tests/RedTest/tests/test/crud/Fields/BooleanSingleCheckbox4/AuthenticatedUserTest.php">
      <testcase name="testEmptySubmission" class="RedTest\tests\test\crud\Fields\BooleanSingleCheckbox4\AuthenticatedUserTest" file="/Users/neeravm/Sites/red-test/tests/RedTest/tests/test/crud/Fields/BooleanSingleCheckbox4/AuthenticatedUserTest.php" line="95" assertions="5" time="1.474902"/>
      <testcase name="testEmptySubmissionWithoutChange" class="RedTest\tests\test\crud\Fields\BooleanSingleCheckbox4\AuthenticatedUserTest" file="/Users/neeravm/Sites/red-test/tests/RedTest/tests/test/crud/Fields/BooleanSingleCheckbox4/AuthenticatedUserTest.php" line="127" assertions="2" time="1.588044"/>
      <testcase name="testValueOneSubmission" class="RedTest\tests\test\crud\Fields\BooleanSingleCheckbox4\AuthenticatedUserTest" file="/Users/neeravm/Sites/red-test/tests/RedTest/tests/test/crud/Fields/BooleanSingleCheckbox4/AuthenticatedUserTest.php" line="142" assertions="4" time="1.570927"/>
      <testcase name="testValueMultipleSubmission" class="RedTest\tests\test\crud\Fields\BooleanSingleCheckbox4\AuthenticatedUserTest" file="/Users/neeravm/Sites/red-test/tests/RedTest/tests/test/crud/Fields/BooleanSingleCheckbox4/AuthenticatedUserTest.php" line="166" assertions="4" time="1.587006"/>
      <testcase name="testEmptySubmissionWithoutChange2" class="RedTest\tests\test\crud\Fields\BooleanSingleCheckbox4\AuthenticatedUserTest" file="/Users/neeravm/Sites/red-test/tests/RedTest/tests/test/crud/Fields/BooleanSingleCheckbox4/AuthenticatedUserTest.php" line="190" assertions="2" time="1.604387"/>
      <testcase name="testValueZeroSubmission" class="RedTest\tests\test\crud\Fields\BooleanSingleCheckbox4\AuthenticatedUserTest" file="/Users/neeravm/Sites/red-test/tests/RedTest/tests/test/crud/Fields/BooleanSingleCheckbox4/AuthenticatedUserTest.php" line="205" assertions="3" time="1.691076"/>
      <testcase name="testEmptySubmission2" class="RedTest\tests\test\crud\Fields\BooleanSingleCheckbox4\AuthenticatedUserTest" file="/Users/neeravm/Sites/red-test/tests/RedTest/tests/test/crud/Fields/BooleanSingleCheckbox4/AuthenticatedUserTest.php" line="225" assertions="4" time="1.746710"/>
      <testcase name="testDefaltValues" class="RedTest\tests\test\crud\Fields\BooleanSingleCheckbox4\AuthenticatedUserTest" file="/Users/neeravm/Sites/red-test/tests/RedTest/tests/test/crud/Fields/BooleanSingleCheckbox4/AuthenticatedUserTest.php" line="245" assertions="15" time="8.580828"/>
    </testsuite>
    <testsuite name="RedTest\tests\test\crud\Fields\BooleanSingleCheckbox5\AuthenticatedUserTest" tests="8" assertions="39" failures="0" errors="0" time="19.758171" file="/Users/neeravm/Sites/red-test/tests/RedTest/tests/test/crud/Fields/BooleanSingleCheckbox5/AuthenticatedUserTest.php">
      <testcase name="testEmptySubmission" class="RedTest\tests\test\crud\Fields\BooleanSingleCheckbox5\AuthenticatedUserTest" file="/Users/neeravm/Sites/red-test/tests/RedTest/tests/test/crud/Fields/BooleanSingleCheckbox5/AuthenticatedUserTest.php" line="95" assertions="5" time="1.464786"/>
      <testcase name="testEmptySubmissionWithoutChange" class="RedTest\tests\test\crud\Fields\BooleanSingleCheckbox5\AuthenticatedUserTest" file="/Users/neeravm/Sites/red-test/tests/RedTest/tests/test/crud/Fields/BooleanSingleCheckbox5/AuthenticatedUserTest.php" line="127" assertions="2" time="1.567270"/>
      <testcase name="testValueOneSubmission" class="RedTest\tests\test\crud\Fields\BooleanSingleCheckbox5\AuthenticatedUserTest" file="/Users/neeravm/Sites/red-test/tests/RedTest/tests/test/crud/Fields/BooleanSingleCheckbox5/AuthenticatedUserTest.php" line="142" assertions="4" time="1.605995"/>
      <testcase name="testValueMultipleSubmission" class="RedTest\tests\test\crud\Fields\BooleanSingleCheckbox5\AuthenticatedUserTest" file="/Users/neeravm/Sites/red-test/tests/RedTest/tests/test/crud/Fields/BooleanSingleCheckbox5/AuthenticatedUserTest.php" line="166" assertions="4" time="1.613128"/>
      <testcase name="testEmptySubmissionWithoutChange2" class="RedTest\tests\test\crud\Fields\BooleanSingleCheckbox5\AuthenticatedUserTest" file="/Users/neeravm/Sites/red-test/tests/RedTest/tests/test/crud/Fields/BooleanSingleCheckbox5/AuthenticatedUserTest.php" line="190" assertions="2" time="1.592110"/>
      <testcase name="testValueZeroSubmission" class="RedTest\tests\test\crud\Fields\BooleanSingleCheckbox5\AuthenticatedUserTest" file="/Users/neeravm/Sites/red-test/tests/RedTest/tests/test/crud/Fields/BooleanSingleCheckbox5/AuthenticatedUserTest.php" line="205" assertions="3" time="1.642510"/>
      <testcase name="testEmptySubmission2" class="RedTest\tests\test\crud\Fields\BooleanSingleCheckbox5\AuthenticatedUserTest" file="/Users/neeravm/Sites/red-test/tests/RedTest/tests/test/crud/Fields/BooleanSingleCheckbox5/AuthenticatedUserTest.php" line="225" assertions="4" time="1.773607"/>
      <testcase name="testDefaltValues" class="RedTest\tests\test\crud\Fields\BooleanSingleCheckbox5\AuthenticatedUserTest" file="/Users/neeravm/Sites/red-test/tests/RedTest/tests/test/crud/Fields/BooleanSingleCheckbox5/AuthenticatedUserTest.php" line="245" assertions="15" time="8.498765"/>
    </testsuite>
    <testsuite name="RedTest\tests\test\crud\Fields\BooleanSingleCheckbox6\AuthenticatedUserTest" tests="8" assertions="39" failures="0" errors="0" time="19.770527" file="/Users/neeravm/Sites/red-test/tests/RedTest/tests/test/crud/Fields/BooleanSingleCheckbox6/AuthenticatedUserTest.php">
      <testcase name="testEmptySubmission" class="RedTest\tests\test\crud\Fields\BooleanSingleCheckbox6\AuthenticatedUserTest" file="/Users/neeravm/Sites/red-test/tests/RedTest/tests/test/crud/Fields/BooleanSingleCheckbox6/AuthenticatedUserTest.php" line="95" assertions="5" time="1.468205"/>
      <testcase name="testEmptySubmissionWithoutChange" class="RedTest\tests\test\crud\Fields\BooleanSingleCheckbox6\AuthenticatedUserTest" file="/Users/neeravm/Sites/red-test/tests/RedTest/tests/test/crud/Fields/BooleanSingleCheckbox6/AuthenticatedUserTest.php" line="127" assertions="2" time="1.564809"/>
      <testcase name="testValueOneSubmission" class="RedTest\tests\test\crud\Fields\BooleanSingleCheckbox6\AuthenticatedUserTest" file="/Users/neeravm/Sites/red-test/tests/RedTest/tests/test/crud/Fields/BooleanSingleCheckbox6/AuthenticatedUserTest.php" line="142" assertions="4" time="1.587865"/>
      <testcase name="testValueMultipleSubmission" class="RedTest\tests\test\crud\Fields\BooleanSingleCheckbox6\AuthenticatedUserTest" file="/Users/neeravm/Sites/red-test/tests/RedTest/tests/test/crud/Fields/BooleanSingleCheckbox6/AuthenticatedUserTest.php" line="166" assertions="4" time="1.592733"/>
      <testcase name="testEmptySubmissionWithoutChange2" class="RedTest\tests\test\crud\Fields\BooleanSingleCheckbox6\AuthenticatedUserTest" file="/Users/neeravm/Sites/red-test/tests/RedTest/tests/test/crud/Fields/BooleanSingleCheckbox6/AuthenticatedUserTest.php" line="190" assertions="2" time="1.625224"/>
      <testcase name="testValueZeroSubmission" class="RedTest\tests\test\crud\Fields\BooleanSingleCheckbox6\AuthenticatedUserTest" file="/Users/neeravm/Sites/red-test/tests/RedTest/tests/test/crud/Fields/BooleanSingleCheckbox6/AuthenticatedUserTest.php" line="205" assertions="3" time="1.667815"/>
      <testcase name="testEmptySubmission2" class="RedTest\tests\test\crud\Fields\BooleanSingleCheckbox6\AuthenticatedUserTest" file="/Users/neeravm/Sites/red-test/tests/RedTest/tests/test/crud/Fields/BooleanSingleCheckbox6/AuthenticatedUserTest.php" line="225" assertions="4" time="1.790571"/>
      <testcase name="testDefaltValues" class="RedTest\tests\test\crud\Fields\BooleanSingleCheckbox6\AuthenticatedUserTest" file="/Users/neeravm/Sites/red-test/tests/RedTest/tests/test/crud/Fields/BooleanSingleCheckbox6/AuthenticatedUserTest.php" line="245" assertions="15" time="8.473305"/>
    </testsuite>
    <testsuite name="RedTest\tests\test\crud\Fields\BooleanSingleCheckbox7\AuthenticatedUserTest" tests="8" assertions="39" failures="0" errors="0" time="19.889922" file="/Users/neeravm/Sites/red-test/tests/RedTest/tests/test/crud/Fields/BooleanSingleCheckbox7/AuthenticatedUserTest.php">
      <testcase name="testEmptySubmission" class="RedTest\tests\test\crud\Fields\BooleanSingleCheckbox7\AuthenticatedUserTest" file="/Users/neeravm/Sites/red-test/tests/RedTest/tests/test/crud/Fields/BooleanSingleCheckbox7/AuthenticatedUserTest.php" line="95" assertions="5" time="1.484366"/>
      <testcase name="testEmptySubmissionWithoutChange" class="RedTest\tests\test\crud\Fields\BooleanSingleCheckbox7\AuthenticatedUserTest" file="/Users/neeravm/Sites/red-test/tests/RedTest/tests/test/crud/Fields/BooleanSingleCheckbox7/AuthenticatedUserTest.php" line="127" assertions="2" time="1.595038"/>
      <testcase name="testValueOneSubmission" class="RedTest\tests\test\crud\Fields\BooleanSingleCheckbox7\AuthenticatedUserTest" file="/Users/neeravm/Sites/red-test/tests/RedTest/tests/test/crud/Fields/BooleanSingleCheckbox7/AuthenticatedUserTest.php" line="142" assertions="4" time="1.634775"/>
      <testcase name="testValueMultipleSubmission" class="RedTest\tests\test\crud\Fields\BooleanSingleCheckbox7\AuthenticatedUserTest" file="/Users/neeravm/Sites/red-test/tests/RedTest/tests/test/crud/Fields/BooleanSingleCheckbox7/AuthenticatedUserTest.php" line="166" assertions="4" time="1.589774"/>
      <testcase name="testEmptySubmissionWithoutChange2" class="RedTest\tests\test\crud\Fields\BooleanSingleCheckbox7\AuthenticatedUserTest" file="/Users/neeravm/Sites/red-test/tests/RedTest/tests/test/crud/Fields/BooleanSingleCheckbox7/AuthenticatedUserTest.php" line="190" assertions="2" time="1.608255"/>
      <testcase name="testValueZeroSubmission" class="RedTest\tests\test\crud\Fields\BooleanSingleCheckbox7\AuthenticatedUserTest" file="/Users/neeravm/Sites/red-test/tests/RedTest/tests/test/crud/Fields/BooleanSingleCheckbox7/AuthenticatedUserTest.php" line="205" assertions="3" time="1.687476"/>
      <testcase name="testEmptySubmission2" class="RedTest\tests\test\crud\Fields\BooleanSingleCheckbox7\AuthenticatedUserTest" file="/Users/neeravm/Sites/red-test/tests/RedTest/tests/test/crud/Fields/BooleanSingleCheckbox7/AuthenticatedUserTest.php" line="225" assertions="4" time="1.703868"/>
      <testcase name="testDefaltValues" class="RedTest\tests\test\crud\Fields\BooleanSingleCheckbox7\AuthenticatedUserTest" file="/Users/neeravm/Sites/red-test/tests/RedTest/tests/test/crud/Fields/BooleanSingleCheckbox7/AuthenticatedUserTest.php" line="245" assertions="15" time="8.586370"/>
    </testsuite>
    <testsuite name="RedTest\tests\test\crud\Fields\BooleanSingleCheckbox8\AuthenticatedUserTest" tests="8" assertions="39" failures="0" errors="0" time="20.031083" file="/Users/neeravm/Sites/red-test/tests/RedTest/tests/test/crud/Fields/BooleanSingleCheckbox8/AuthenticatedUserTest.php">
      <testcase name="testEmptySubmission" class="RedTest\tests\test\crud\Fields\BooleanSingleCheckbox8\AuthenticatedUserTest" file="/Users/neeravm/Sites/red-test/tests/RedTest/tests/test/crud/Fields/BooleanSingleCheckbox8/AuthenticatedUserTest.php" line="95" assertions="5" time="1.534264"/>
      <testcase name="testEmptySubmissionWithoutChange" class="RedTest\tests\test\crud\Fields\BooleanSingleCheckbox8\AuthenticatedUserTest" file="/Users/neeravm/Sites/red-test/tests/RedTest/tests/test/crud/Fields/BooleanSingleCheckbox8/AuthenticatedUserTest.php" line="127" assertions="2" time="1.911262"/>
      <testcase name="testValueOneSubmission" class="RedTest\tests\test\crud\Fields\BooleanSingleCheckbox8\AuthenticatedUserTest" file="/Users/neeravm/Sites/red-test/tests/RedTest/tests/test/crud/Fields/BooleanSingleCheckbox8/AuthenticatedUserTest.php" line="142" assertions="4" time="1.578364"/>
      <testcase name="testValueMultipleSubmission" class="RedTest\tests\test\crud\Fields\BooleanSingleCheckbox8\AuthenticatedUserTest" file="/Users/neeravm/Sites/red-test/tests/RedTest/tests/test/crud/Fields/BooleanSingleCheckbox8/AuthenticatedUserTest.php" line="166" assertions="4" time="1.721190"/>
      <testcase name="testEmptySubmissionWithoutChange2" class="RedTest\tests\test\crud\Fields\BooleanSingleCheckbox8\AuthenticatedUserTest" file="/Users/neeravm/Sites/red-test/tests/RedTest/tests/test/crud/Fields/BooleanSingleCheckbox8/AuthenticatedUserTest.php" line="190" assertions="2" time="1.573073"/>
      <testcase name="testValueZeroSubmission" class="RedTest\tests\test\crud\Fields\BooleanSingleCheckbox8\AuthenticatedUserTest" file="/Users/neeravm/Sites/red-test/tests/RedTest/tests/test/crud/Fields/BooleanSingleCheckbox8/AuthenticatedUserTest.php" line="205" assertions="3" time="1.665869"/>
      <testcase name="testEmptySubmission2" class="RedTest\tests\test\crud\Fields\BooleanSingleCheckbox8\AuthenticatedUserTest" file="/Users/neeravm/Sites/red-test/tests/RedTest/tests/test/crud/Fields/BooleanSingleCheckbox8/AuthenticatedUserTest.php" line="225" assertions="4" time="1.661990"/>
      <testcase name="testDefaltValues" class="RedTest\tests\test\crud\Fields\BooleanSingleCheckbox8\AuthenticatedUserTest" file="/Users/neeravm/Sites/red-test/tests/RedTest/tests/test/crud/Fields/BooleanSingleCheckbox8/AuthenticatedUserTest.php" line="245" assertions="15" time="8.385071"/>
    </testsuite>
    <testsuite name="RedTest\tests\test\crud\Fields\LinkMulti1\AuthenticatedUserTest" tests="8" assertions="39" failures="0" errors="0" time="21.353683" file="/Users/neeravm/Sites/red-test/tests/RedTest/tests/test/crud/Fields/LinkMulti1/AuthenticatedUserTest.php">
      <testcase name="testEmptySubmission" class="RedTest\tests\test\crud\Fields\LinkMulti1\AuthenticatedUserTest" file="/Users/neeravm/Sites/red-test/tests/RedTest/tests/test/crud/Fields/LinkMulti1/AuthenticatedUserTest.php" line="95" assertions="5" time="1.604295"/>
      <testcase name="testEmptySubmissionWithoutChange" class="RedTest\tests\test\crud\Fields\LinkMulti1\AuthenticatedUserTest" file="/Users/neeravm/Sites/red-test/tests/RedTest/tests/test/crud/Fields/LinkMulti1/AuthenticatedUserTest.php" line="127" assertions="2" time="1.777050"/>
      <testcase name="testValueOneSubmission" class="RedTest\tests\test\crud\Fields\LinkMulti1\AuthenticatedUserTest" file="/Users/neeravm/Sites/red-test/tests/RedTest/tests/test/crud/Fields/LinkMulti1/AuthenticatedUserTest.php" line="142" assertions="4" time="1.590131"/>
      <testcase name="testValueMultipleSubmission" class="RedTest\tests\test\crud\Fields\LinkMulti1\AuthenticatedUserTest" file="/Users/neeravm/Sites/red-test/tests/RedTest/tests/test/crud/Fields/LinkMulti1/AuthenticatedUserTest.php" line="166" assertions="4" time="2.749724"/>
      <testcase name="testEmptySubmissionWithoutChange2" class="RedTest\tests\test\crud\Fields\LinkMulti1\AuthenticatedUserTest" file="/Users/neeravm/Sites/red-test/tests/RedTest/tests/test/crud/Fields/LinkMulti1/AuthenticatedUserTest.php" line="190" assertions="2" time="1.656835"/>
      <testcase name="testValueZeroSubmission" class="RedTest\tests\test\crud\Fields\LinkMulti1\AuthenticatedUserTest" file="/Users/neeravm/Sites/red-test/tests/RedTest/tests/test/crud/Fields/LinkMulti1/AuthenticatedUserTest.php" line="205" assertions="3" time="1.723864"/>
      <testcase name="testEmptySubmission2" class="RedTest\tests\test\crud\Fields\LinkMulti1\AuthenticatedUserTest" file="/Users/neeravm/Sites/red-test/tests/RedTest/tests/test/crud/Fields/LinkMulti1/AuthenticatedUserTest.php" line="225" assertions="4" time="1.734083"/>
      <testcase name="testDefaltValues" class="RedTest\tests\test\crud\Fields\LinkMulti1\AuthenticatedUserTest" file="/Users/neeravm/Sites/red-test/tests/RedTest/tests/test/crud/Fields/LinkMulti1/AuthenticatedUserTest.php" line="245" assertions="15" time="8.517701"/>
    </testsuite>
    <testsuite name="RedTest\tests\test\crud\Fields\DecimalMultipleTextfield1\AuthenticatedUserTest" tests="8" assertions="39" failures="0" errors="0" time="21.512404" file="/Users/neeravm/Sites/red-test/tests/RedTest/tests/test/crud/Fields/DecimalMultipleTextfield1/AuthenticatedUserTest.php">
      <testcase name="testEmptySubmission" class="RedTest\tests\test\crud\Fields\DecimalMultipleTextfield1\AuthenticatedUserTest" file="/Users/neeravm/Sites/red-test/tests/RedTest/tests/test/crud/Fields/DecimalMultipleTextfield1/AuthenticatedUserTest.php" line="95" assertions="5" time="1.532921"/>
      <testcase name="testEmptySubmissionWithoutChange" class="RedTest\tests\test\crud\Fields\DecimalMultipleTextfield1\AuthenticatedUserTest" file="/Users/neeravm/Sites/red-test/tests/RedTest/tests/test/crud/Fields/DecimalMultipleTextfield1/AuthenticatedUserTest.php" line="127" assertions="2" time="1.821379"/>
      <testcase name="testValueOneSubmission" class="RedTest\tests\test\crud\Fields\DecimalMultipleTextfield1\AuthenticatedUserTest" file="/Users/neeravm/Sites/red-test/tests/RedTest/tests/test/crud/Fields/DecimalMultipleTextfield1/AuthenticatedUserTest.php" line="142" assertions="4" time="1.952779"/>
      <testcase name="testValueMultipleSubmission" class="RedTest\tests\test\crud\Fields\DecimalMultipleTextfield1\AuthenticatedUserTest" file="/Users/neeravm/Sites/red-test/tests/RedTest/tests/test/crud/Fields/DecimalMultipleTextfield1/AuthenticatedUserTest.php" line="166" assertions="4" time="2.754472"/>
      <testcase name="testEmptySubmissionWithoutChange2" class="RedTest\tests\test\crud\Fields\DecimalMultipleTextfield1\AuthenticatedUserTest" file="/Users/neeravm/Sites/red-test/tests/RedTest/tests/test/crud/Fields/DecimalMultipleTextfield1/AuthenticatedUserTest.php" line="190" assertions="2" time="1.651344"/>
      <testcase name="testValueZeroSubmission" class="RedTest\tests\test\crud\Fields\DecimalMultipleTextfield1\AuthenticatedUserTest" file="/Users/neeravm/Sites/red-test/tests/RedTest/tests/test/crud/Fields/DecimalMultipleTextfield1/AuthenticatedUserTest.php" line="205" assertions="3" time="1.689373"/>
      <testcase name="testEmptySubmission2" class="RedTest\tests\test\crud\Fields\DecimalMultipleTextfield1\AuthenticatedUserTest" file="/Users/neeravm/Sites/red-test/tests/RedTest/tests/test/crud/Fields/DecimalMultipleTextfield1/AuthenticatedUserTest.php" line="225" assertions="4" time="1.694285"/>
      <testcase name="testDefaltValues" class="RedTest\tests\test\crud\Fields\DecimalMultipleTextfield1\AuthenticatedUserTest" file="/Users/neeravm/Sites/red-test/tests/RedTest/tests/test/crud/Fields/DecimalMultipleTextfield1/AuthenticatedUserTest.php" line="245" assertions="15" time="8.415851"/>
    </testsuite>
    <testsuite name="RedTest\tests\test\crud\Fields\DecimalMultipleTextfield2\AuthenticatedUserTest" tests="8" assertions="39" failures="0" errors="0" time="21.831935" file="/Users/neeravm/Sites/red-test/tests/RedTest/tests/test/crud/Fields/DecimalMultipleTextfield2/AuthenticatedUserTest.php">
      <testcase name="testEmptySubmission" class="RedTest\tests\test\crud\Fields\DecimalMultipleTextfield2\AuthenticatedUserTest" file="/Users/neeravm/Sites/red-test/tests/RedTest/tests/test/crud/Fields/DecimalMultipleTextfield2/AuthenticatedUserTest.php" line="95" assertions="5" time="1.530719"/>
      <testcase name="testEmptySubmissionWithoutChange" class="RedTest\tests\test\crud\Fields\DecimalMultipleTextfield2\AuthenticatedUserTest" file="/Users/neeravm/Sites/red-test/tests/RedTest/tests/test/crud/Fields/DecimalMultipleTextfield2/AuthenticatedUserTest.php" line="127" assertions="2" time="1.905990"/>
      <testcase name="testValueOneSubmission" class="RedTest\tests\test\crud\Fields\DecimalMultipleTextfield2\AuthenticatedUserTest" file="/Users/neeravm/Sites/red-test/tests/RedTest/tests/test/crud/Fields/DecimalMultipleTextfield2/AuthenticatedUserTest.php" line="142" assertions="4" time="2.103386"/>
      <testcase name="testValueMultipleSubmission" class="RedTest\tests\test\crud\Fields\DecimalMultipleTextfield2\AuthenticatedUserTest" file="/Users/neeravm/Sites/red-test/tests/RedTest/tests/test/crud/Fields/DecimalMultipleTextfield2/AuthenticatedUserTest.php" line="166" assertions="4" time="2.750183"/>
      <testcase name="testEmptySubmissionWithoutChange2" class="RedTest\tests\test\crud\Fields\DecimalMultipleTextfield2\AuthenticatedUserTest" file="/Users/neeravm/Sites/red-test/tests/RedTest/tests/test/crud/Fields/DecimalMultipleTextfield2/AuthenticatedUserTest.php" line="190" assertions="2" time="1.682722"/>
      <testcase name="testValueZeroSubmission" class="RedTest\tests\test\crud\Fields\DecimalMultipleTextfield2\AuthenticatedUserTest" file="/Users/neeravm/Sites/red-test/tests/RedTest/tests/test/crud/Fields/DecimalMultipleTextfield2/AuthenticatedUserTest.php" line="205" assertions="3" time="1.674171"/>
      <testcase name="testEmptySubmission2" class="RedTest\tests\test\crud\Fields\DecimalMultipleTextfield2\AuthenticatedUserTest" file="/Users/neeravm/Sites/red-test/tests/RedTest/tests/test/crud/Fields/DecimalMultipleTextfield2/AuthenticatedUserTest.php" line="225" assertions="4" time="1.668414"/>
      <testcase name="testDefaltValues" class="RedTest\tests\test\crud\Fields\DecimalMultipleTextfield2\AuthenticatedUserTest" file="/Users/neeravm/Sites/red-test/tests/RedTest/tests/test/crud/Fields/DecimalMultipleTextfield2/AuthenticatedUserTest.php" line="245" assertions="15" time="8.516350"/>
    </testsuite>
    <testsuite name="tests\RedTest\tests\redtest_form\AuthenticatedUserTest" tests="1" assertions="5" failures="0" errors="0" time="0.030308" file="/Users/neeravm/Sites/red-test/tests/RedTest/tests/redtest_form/AuthenticatedUserTest.php">
      <testcase name="testIndividualFieldSubmission" class="tests\RedTest\tests\redtest_form\AuthenticatedUserTest" file="/Users/neeravm/Sites/red-test/tests/RedTest/tests/redtest_form/AuthenticatedUserTest.php" line="56" assertions="5" time="0.030308"/>
    </testsuite>
    <testsuite name="tests\RedTest\tests\test\crud\AuthenticatedUser4Test" tests="1" assertions="13" failures="0" errors="0" time="131.748512" file="/Users/neeravm/Sites/red-test/tests/RedTest/tests/test/crud/All/AuthenticatedUser4Test.php">
      <testcase name="testAllDefault" class="tests\RedTest\tests\test\crud\AuthenticatedUser4Test" file="/Users/neeravm/Sites/red-test/tests/RedTest/tests/test/crud/All/AuthenticatedUser4Test.php" line="137" assertions="13" time="131.748512"/>
    </testsuite>
    <testsuite name="tests\RedTest\tests\test\crud\AuthenticatedUser3Test" tests="1" assertions="13" failures="0" errors="0" time="151.07623" file="/Users/neeravm/Sites/red-test/tests/RedTest/tests/test/crud/All/AuthenticatedUser3Test.php">
      <testcase name="testAllDefault" class="tests\RedTest\tests\test\crud\AuthenticatedUser3Test" file="/Users/neeravm/Sites/red-test/tests/RedTest/tests/test/crud/All/AuthenticatedUser3Test.php" line="137" assertions="13" time="151.076230"/>
    </testsuite>
    <testsuite name="tests\RedTest\tests\test\crud\AuthenticatedUserTest" tests="1" assertions="13" failures="0" errors="0" time="152.921609" file="/Users/neeravm/Sites/red-test/tests/RedTest/tests/test/crud/All/AuthenticatedUserTest.php">
      <testcase name="testAllDefault" class="tests\RedTest\tests\test\crud\AuthenticatedUserTest" file="/Users/neeravm/Sites/red-test/tests/RedTest/tests/test/crud/All/AuthenticatedUserTest.php" line="137" assertions="13" time="152.921609"/>
    </testsuite>
    <testsuite name="tests\RedTest\tests\test\crud\AuthenticatedUser2Test" tests="1" assertions="13" failures="0" errors="0" time="161.295805" file="/Users/neeravm/Sites/red-test/tests/RedTest/tests/test/crud/All/AuthenticatedUser2Test.php">
      <testcase name="testAllDefault" class="tests\RedTest\tests\test\crud\AuthenticatedUser2Test" file="/Users/neeravm/Sites/red-test/tests/RedTest/tests/test/crud/All/AuthenticatedUser2Test.php" line="137" assertions="13" time="161.295805"/>
    </testsuite>
  </testsuite>
</testsuites>
